2023/10/16 13:26:30 [notice] 1#1: using the "epoll" event method
2023/10/16 13:26:30 [notice] 1#1: nginx/1.25.2
2023/10/16 13:26:30 [notice] 1#1: built by gcc 12.2.0 (Debian 12.2.0-14) 
2023/10/16 13:26:30 [notice] 1#1: OS: Linux 5.15.0-86-generic
2023/10/16 13:26:30 [notice] 1#1: getrlimit(RLIMIT_NOFILE): 1048576:1048576
2023/10/16 13:26:30 [notice] 1#1: start worker processes
2023/10/16 13:26:30 [notice] 1#1: start worker process 29
2023/10/16 13:26:30 [notice] 1#1: start worker process 30
2023/10/16 13:26:30 [notice] 1#1: start worker process 31
2023/10/16 13:26:30 [notice] 1#1: start worker process 32
2023/10/16 13:26:30 [notice] 1#1: start worker process 33
2023/10/16 13:26:30 [notice] 1#1: start worker process 34
2023/10/16 13:26:30 [notice] 1#1: start worker process 35
2023/10/16 13:26:30 [notice] 1#1: start worker process 36
2023/10/16 13:26:30 [notice] 1#1: start worker process 37
2023/10/16 13:26:30 [notice] 1#1: start worker process 38
2023/10/16 13:26:30 [notice] 1#1: start worker process 39
2023/10/16 13:26:30 [notice] 1#1: start worker process 40
2023/10/16 13:27:46 [notice] 1#1: signal 3 (SIGQUIT) received, shutting down
2023/10/16 13:27:46 [notice] 30#30: gracefully shutting down
2023/10/16 13:27:46 [notice] 32#32: gracefully shutting down
2023/10/16 13:27:46 [notice] 31#31: gracefully shutting down
2023/10/16 13:27:46 [notice] 37#37: gracefully shutting down
2023/10/16 13:27:46 [notice] 34#34: gracefully shutting down
2023/10/16 13:27:46 [notice] 35#35: gracefully shutting down
2023/10/16 13:27:46 [notice] 39#39: gracefully shutting down
2023/10/16 13:27:46 [notice] 36#36: gracefully shutting down
2023/10/16 13:27:46 [notice] 31#31: exiting
2023/10/16 13:27:46 [notice] 40#40: gracefully shutting down
2023/10/16 13:27:46 [notice] 38#38: gracefully shutting down
2023/10/16 13:27:46 [notice] 37#37: exiting
2023/10/16 13:27:46 [notice] 34#34: exiting
2023/10/16 13:27:46 [notice] 35#35: exiting
2023/10/16 13:27:46 [notice] 39#39: exiting
2023/10/16 13:27:46 [notice] 32#32: exiting
2023/10/16 13:27:46 [notice] 36#36: exiting
2023/10/16 13:27:46 [notice] 40#40: exiting
2023/10/16 13:27:46 [notice] 38#38: exiting
2023/10/16 13:27:46 [notice] 31#31: exit
2023/10/16 13:27:46 [notice] 37#37: exit
2023/10/16 13:27:46 [notice] 39#39: exit
2023/10/16 13:27:46 [notice] 34#34: exit
2023/10/16 13:27:46 [notice] 35#35: exit
2023/10/16 13:27:46 [notice] 32#32: exit
2023/10/16 13:27:46 [notice] 36#36: exit
2023/10/16 13:27:46 [notice] 40#40: exit
2023/10/16 13:27:46 [notice] 38#38: exit
2023/10/16 13:27:46 [notice] 33#33: gracefully shutting down
2023/10/16 13:27:46 [notice] 33#33: exiting
2023/10/16 13:27:46 [notice] 33#33: exit
2023/10/16 13:27:46 [notice] 29#29: gracefully shutting down
2023/10/16 13:27:46 [notice] 29#29: exiting
2023/10/16 13:27:46 [notice] 29#29: exit
2023/10/16 13:27:46 [notice] 1#1: signal 17 (SIGCHLD) received from 35
2023/10/16 13:27:46 [notice] 1#1: worker process 35 exited with code 0
2023/10/16 13:27:46 [notice] 1#1: signal 29 (SIGIO) received
2023/10/16 13:27:46 [notice] 1#1: signal 17 (SIGCHLD) received from 34
2023/10/16 13:27:46 [notice] 1#1: worker process 34 exited with code 0
2023/10/16 13:27:46 [notice] 1#1: signal 29 (SIGIO) received
2023/10/16 13:27:46 [notice] 1#1: signal 17 (SIGCHLD) received from 29
2023/10/16 13:27:46 [notice] 1#1: worker process 29 exited with code 0
2023/10/16 13:27:46 [notice] 1#1: worker process 36 exited with code 0
2023/10/16 13:27:46 [notice] 1#1: signal 29 (SIGIO) received
2023/10/16 13:27:46 [notice] 1#1: signal 17 (SIGCHLD) received from 33
2023/10/16 13:27:46 [notice] 1#1: worker process 31 exited with code 0
2023/10/16 13:27:46 [notice] 1#1: worker process 33 exited with code 0
2023/10/16 13:27:46 [notice] 1#1: signal 29 (SIGIO) received
2023/10/16 13:27:46 [notice] 1#1: signal 17 (SIGCHLD) received from 31
2023/10/16 13:27:46 [notice] 1#1: worker process 37 exited with code 0
2023/10/16 13:27:46 [notice] 1#1: worker process 40 exited with code 0
2023/10/16 13:27:46 [notice] 1#1: signal 29 (SIGIO) received
2023/10/16 13:27:46 [notice] 1#1: signal 17 (SIGCHLD) received from 40
2023/10/16 13:27:46 [notice] 1#1: worker process 32 exited with code 0
2023/10/16 13:27:46 [notice] 1#1: worker process 38 exited with code 0
2023/10/16 13:27:46 [notice] 1#1: signal 29 (SIGIO) received
2023/10/16 13:27:46 [notice] 1#1: signal 17 (SIGCHLD) received from 38
2023/10/16 13:27:46 [notice] 1#1: signal 17 (SIGCHLD) received from 39
2023/10/16 13:27:46 [notice] 1#1: worker process 39 exited with code 0
2023/10/16 13:27:46 [notice] 1#1: signal 29 (SIGIO) received
2023/10/16 23:51:44 [notice] 1#1: using the "epoll" event method
2023/10/16 23:51:44 [notice] 1#1: nginx/1.25.2
2023/10/16 23:51:44 [notice] 1#1: built by gcc 12.2.0 (Debian 12.2.0-14) 
2023/10/16 23:51:44 [notice] 1#1: OS: Linux 5.15.0-86-generic
2023/10/16 23:51:44 [notice] 1#1: getrlimit(RLIMIT_NOFILE): 1048576:1048576
2023/10/16 23:51:44 [notice] 1#1: start worker processes
2023/10/16 23:51:44 [notice] 1#1: start worker process 22
2023/10/16 23:51:44 [notice] 1#1: start worker process 23
2023/10/16 23:51:44 [notice] 1#1: start worker process 24
2023/10/16 23:51:44 [notice] 1#1: start worker process 25
2023/10/16 23:51:44 [notice] 1#1: start worker process 26
2023/10/16 23:51:44 [notice] 1#1: start worker process 27
2023/10/16 23:51:44 [notice] 1#1: start worker process 28
2023/10/16 23:51:44 [notice] 1#1: start worker process 29
2023/10/16 23:51:44 [notice] 1#1: start worker process 30
2023/10/16 23:51:44 [notice] 1#1: start worker process 31
2023/10/16 23:51:44 [notice] 1#1: start worker process 32
2023/10/16 23:51:44 [notice] 1#1: start worker process 33
2023/10/17 01:39:57 [notice] 1#1: signal 3 (SIGQUIT) received, shutting down
2023/10/17 01:39:57 [notice] 27#27: gracefully shutting down
2023/10/17 01:39:57 [notice] 24#24: gracefully shutting down
2023/10/17 01:39:57 [notice] 25#25: gracefully shutting down
2023/10/17 01:39:57 [notice] 26#26: gracefully shutting down
2023/10/17 01:39:57 [notice] 22#22: gracefully shutting down
2023/10/17 01:39:57 [notice] 27#27: exiting
2023/10/17 01:39:57 [notice] 29#29: gracefully shutting down
2023/10/17 01:39:57 [notice] 24#24: exiting
2023/10/17 01:39:57 [notice] 25#25: exiting
2023/10/17 01:39:57 [notice] 26#26: exiting
2023/10/17 01:39:57 [notice] 29#29: exiting
2023/10/17 01:39:57 [notice] 22#22: exiting
2023/10/17 01:39:57 [notice] 24#24: exit
2023/10/17 01:39:57 [notice] 27#27: exit
2023/10/17 01:39:57 [notice] 29#29: exit
2023/10/17 01:39:57 [notice] 25#25: exit
2023/10/17 01:39:57 [notice] 26#26: exit
2023/10/17 01:39:57 [notice] 22#22: exit
2023/10/17 01:39:57 [notice] 28#28: gracefully shutting down
2023/10/17 01:39:57 [notice] 28#28: exiting
2023/10/17 01:39:57 [notice] 28#28: exit
2023/10/17 01:39:57 [notice] 23#23: gracefully shutting down
2023/10/17 01:39:57 [notice] 23#23: exiting
2023/10/17 01:39:57 [notice] 23#23: exit
2023/10/17 01:39:57 [notice] 30#30: gracefully shutting down
2023/10/17 01:39:57 [notice] 30#30: exiting
2023/10/17 01:39:57 [notice] 30#30: exit
2023/10/17 01:39:57 [notice] 31#31: gracefully shutting down
2023/10/17 01:39:57 [notice] 31#31: exiting
2023/10/17 01:39:57 [notice] 31#31: exit
2023/10/17 01:39:57 [notice] 32#32: gracefully shutting down
2023/10/17 01:39:57 [notice] 32#32: exiting
2023/10/17 01:39:57 [notice] 32#32: exit
2023/10/17 01:39:57 [notice] 33#33: gracefully shutting down
2023/10/17 01:39:57 [notice] 33#33: exiting
2023/10/17 01:39:57 [notice] 33#33: exit
2023/10/17 01:39:57 [notice] 1#1: signal 17 (SIGCHLD) received from 22
2023/10/17 01:39:57 [notice] 1#1: worker process 22 exited with code 0
2023/10/17 01:39:57 [notice] 1#1: signal 29 (SIGIO) received
2023/10/17 01:39:57 [notice] 1#1: signal 17 (SIGCHLD) received from 23
2023/10/17 01:39:57 [notice] 1#1: worker process 23 exited with code 0
2023/10/17 01:39:57 [notice] 1#1: worker process 29 exited with code 0
2023/10/17 01:39:57 [notice] 1#1: signal 29 (SIGIO) received
2023/10/17 01:39:57 [notice] 1#1: signal 17 (SIGCHLD) received from 27
2023/10/17 01:39:57 [notice] 1#1: worker process 27 exited with code 0
2023/10/17 01:39:57 [notice] 1#1: signal 29 (SIGIO) received
2023/10/17 01:39:57 [notice] 1#1: signal 17 (SIGCHLD) received from 24
2023/10/17 01:39:57 [notice] 1#1: worker process 24 exited with code 0
2023/10/17 01:39:57 [notice] 1#1: signal 29 (SIGIO) received
2023/10/17 01:39:57 [notice] 1#1: signal 17 (SIGCHLD) received from 25
2023/10/17 01:39:57 [notice] 1#1: worker process 25 exited with code 0
2023/10/17 01:39:57 [notice] 1#1: signal 29 (SIGIO) received
2023/10/17 01:39:57 [notice] 1#1: signal 17 (SIGCHLD) received from 26
2023/10/17 01:39:57 [notice] 1#1: worker process 26 exited with code 0
2023/10/17 01:39:57 [notice] 1#1: signal 29 (SIGIO) received
2023/10/17 01:39:57 [notice] 1#1: signal 17 (SIGCHLD) received from 32
2023/10/17 01:39:57 [notice] 1#1: worker process 32 exited with code 0
2023/10/17 01:39:57 [notice] 1#1: signal 29 (SIGIO) received
2023/10/17 01:39:57 [notice] 1#1: signal 17 (SIGCHLD) received from 30
2023/10/17 01:39:57 [notice] 1#1: worker process 30 exited with code 0
2023/10/17 01:39:57 [notice] 1#1: worker process 28 exited with code 0
2023/10/17 01:39:57 [notice] 1#1: worker process 31 exited with code 0
2023/10/17 01:39:57 [notice] 1#1: worker process 33 exited with code 0
2023/10/17 01:39:57 [notice] 1#1: exit
2023/10/17 12:14:06 [notice] 1#1: using the "epoll" event method
2023/10/17 12:14:06 [notice] 1#1: nginx/1.25.2
2023/10/17 12:14:06 [notice] 1#1: built by gcc 12.2.0 (Debian 12.2.0-14) 
2023/10/17 12:14:06 [notice] 1#1: OS: Linux 5.15.0-86-generic
2023/10/17 12:14:06 [notice] 1#1: getrlimit(RLIMIT_NOFILE): 1048576:1048576
2023/10/17 12:14:06 [notice] 1#1: start worker processes
2023/10/17 12:14:06 [notice] 1#1: start worker process 22
2023/10/17 12:14:06 [notice] 1#1: start worker process 23
2023/10/17 12:14:06 [notice] 1#1: start worker process 24
2023/10/17 12:14:06 [notice] 1#1: start worker process 25
2023/10/17 12:14:06 [notice] 1#1: start worker process 26
2023/10/17 12:14:06 [notice] 1#1: start worker process 27
2023/10/17 12:14:06 [notice] 1#1: start worker process 28
2023/10/17 12:14:06 [notice] 1#1: start worker process 29
2023/10/17 12:14:06 [notice] 1#1: start worker process 30
2023/10/17 12:14:06 [notice] 1#1: start worker process 31
2023/10/17 12:14:06 [notice] 1#1: start worker process 32
2023/10/17 12:14:06 [notice] 1#1: start worker process 33
2023/10/17 21:33:42 [notice] 1#1: signal 3 (SIGQUIT) received, shutting down
2023/10/17 21:33:42 [notice] 27#27: gracefully shutting down
2023/10/17 21:33:42 [notice] 28#28: gracefully shutting down
2023/10/17 21:33:42 [notice] 23#23: gracefully shutting down
2023/10/17 21:33:42 [notice] 27#27: exiting
2023/10/17 21:33:42 [notice] 28#28: exiting
2023/10/17 21:33:42 [notice] 23#23: exiting
2023/10/17 21:33:42 [notice] 27#27: exit
2023/10/17 21:33:42 [notice] 28#28: exit
2023/10/17 21:33:42 [notice] 23#23: exit
2023/10/17 21:33:42 [notice] 24#24: gracefully shutting down
2023/10/17 21:33:42 [notice] 26#26: gracefully shutting down
2023/10/17 21:33:42 [notice] 24#24: exiting
2023/10/17 21:33:42 [notice] 26#26: exiting
2023/10/17 21:33:42 [notice] 24#24: exit
2023/10/17 21:33:42 [notice] 26#26: exit
2023/10/17 21:33:42 [notice] 22#22: gracefully shutting down
2023/10/17 21:33:42 [notice] 22#22: exiting
2023/10/17 21:33:42 [notice] 22#22: exit
2023/10/17 21:33:42 [notice] 25#25: gracefully shutting down
2023/10/17 21:33:42 [notice] 25#25: exiting
2023/10/17 21:33:42 [notice] 25#25: exit
2023/10/17 21:33:42 [notice] 29#29: gracefully shutting down
2023/10/17 21:33:42 [notice] 32#32: gracefully shutting down
2023/10/17 21:33:42 [notice] 30#30: gracefully shutting down
2023/10/17 21:33:42 [notice] 29#29: exiting
2023/10/17 21:33:42 [notice] 32#32: exiting
2023/10/17 21:33:42 [notice] 30#30: exiting
2023/10/17 21:33:42 [notice] 32#32: exit
2023/10/17 21:33:42 [notice] 29#29: exit
2023/10/17 21:33:42 [notice] 30#30: exit
2023/10/17 21:33:42 [notice] 33#33: gracefully shutting down
2023/10/17 21:33:42 [notice] 33#33: exiting
2023/10/17 21:33:42 [notice] 33#33: exit
2023/10/17 21:33:42 [notice] 31#31: gracefully shutting down
2023/10/17 21:33:42 [notice] 31#31: exiting
2023/10/17 21:33:42 [notice] 31#31: exit
2023/10/17 21:33:42 [notice] 1#1: signal 17 (SIGCHLD) received from 24
2023/10/17 21:33:42 [notice] 1#1: worker process 24 exited with code 0
2023/10/17 21:33:42 [notice] 1#1: signal 29 (SIGIO) received
2023/10/17 21:33:42 [notice] 1#1: signal 17 (SIGCHLD) received from 32
2023/10/17 21:33:42 [notice] 1#1: worker process 32 exited with code 0
2023/10/17 21:33:42 [notice] 1#1: signal 29 (SIGIO) received
2023/10/17 21:33:42 [notice] 1#1: signal 17 (SIGCHLD) received from 27
2023/10/17 21:33:42 [notice] 1#1: worker process 27 exited with code 0
2023/10/17 21:33:42 [notice] 1#1: signal 29 (SIGIO) received
2023/10/17 21:33:42 [notice] 1#1: signal 17 (SIGCHLD) received from 23
2023/10/17 21:33:42 [notice] 1#1: worker process 23 exited with code 0
2023/10/17 21:33:42 [notice] 1#1: signal 29 (SIGIO) received
2023/10/17 21:33:42 [notice] 1#1: signal 17 (SIGCHLD) received from 29
2023/10/17 21:33:42 [notice] 1#1: worker process 29 exited with code 0
2023/10/17 21:33:42 [notice] 1#1: signal 29 (SIGIO) received
2023/10/17 21:33:42 [notice] 1#1: signal 17 (SIGCHLD) received from 28
2023/10/17 21:33:42 [notice] 1#1: worker process 28 exited with code 0
2023/10/17 21:33:42 [notice] 1#1: signal 29 (SIGIO) received
2023/10/17 21:33:42 [notice] 1#1: signal 17 (SIGCHLD) received from 26
2023/10/17 21:33:42 [notice] 1#1: worker process 26 exited with code 0
2023/10/17 21:33:42 [notice] 1#1: worker process 30 exited with code 0
2023/10/17 21:33:42 [notice] 1#1: signal 29 (SIGIO) received
2023/10/17 21:33:42 [notice] 1#1: signal 17 (SIGCHLD) received from 30
2023/10/17 21:33:42 [notice] 1#1: signal 17 (SIGCHLD) received from 33
2023/10/17 21:33:42 [notice] 1#1: worker process 33 exited with code 0
2023/10/17 21:33:42 [notice] 1#1: signal 29 (SIGIO) received
2023/10/17 21:33:42 [notice] 1#1: signal 17 (SIGCHLD) received from 31
2023/10/17 21:33:42 [notice] 1#1: worker process 31 exited with code 0
2023/10/17 21:33:42 [notice] 1#1: signal 29 (SIGIO) received
2023/10/17 21:33:42 [notice] 1#1: signal 17 (SIGCHLD) received from 25
2023/10/17 21:33:42 [notice] 1#1: worker process 25 exited with code 0
2023/10/17 21:33:42 [notice] 1#1: signal 29 (SIGIO) received
2023/10/17 21:33:42 [notice] 1#1: signal 17 (SIGCHLD) received from 22
2023/10/17 21:33:42 [notice] 1#1: worker process 22 exited with code 0
2023/10/17 21:33:42 [notice] 1#1: exit
2023/10/17 23:22:59 [notice] 1#1: using the "epoll" event method
2023/10/17 23:22:59 [notice] 1#1: nginx/1.25.2
2023/10/17 23:22:59 [notice] 1#1: built by gcc 12.2.0 (Debian 12.2.0-14) 
2023/10/17 23:22:59 [notice] 1#1: OS: Linux 5.15.0-86-generic
2023/10/17 23:22:59 [notice] 1#1: getrlimit(RLIMIT_NOFILE): 1048576:1048576
2023/10/17 23:22:59 [notice] 1#1: start worker processes
2023/10/17 23:22:59 [notice] 1#1: start worker process 22
2023/10/17 23:22:59 [notice] 1#1: start worker process 23
2023/10/17 23:22:59 [notice] 1#1: start worker process 24
2023/10/17 23:22:59 [notice] 1#1: start worker process 25
2023/10/17 23:22:59 [notice] 1#1: start worker process 26
2023/10/17 23:22:59 [notice] 1#1: start worker process 27
2023/10/17 23:22:59 [notice] 1#1: start worker process 28
2023/10/17 23:22:59 [notice] 1#1: start worker process 29
2023/10/17 23:22:59 [notice] 1#1: start worker process 30
2023/10/17 23:22:59 [notice] 1#1: start worker process 31
2023/10/17 23:22:59 [notice] 1#1: start worker process 32
2023/10/17 23:22:59 [notice] 1#1: start worker process 33
2023/10/17 23:24:03 [error] 22#22: *1 open() "/usr/share/nginx/html/shopping" failed (2: No such file or directory), client: 172.17.0.1, server: localhost, request: "GET /shopping HTTP/1.1", host: "localhost:4080"
2023/10/17 23:24:10 [error] 22#22: *1 open() "/usr/share/nginx/html/shopping" failed (2: No such file or directory), client: 172.17.0.1, server: localhost, request: "GET /shopping HTTP/1.1", host: "localhost:4080"
2023/10/17 23:35:37 [notice] 1#1: signal 3 (SIGQUIT) received, shutting down
2023/10/17 23:35:37 [notice] 28#28: gracefully shutting down
2023/10/17 23:35:37 [notice] 25#25: gracefully shutting down
2023/10/17 23:35:37 [notice] 27#27: gracefully shutting down
2023/10/17 23:35:37 [notice] 26#26: gracefully shutting down
2023/10/17 23:35:37 [notice] 29#29: gracefully shutting down
2023/10/17 23:35:37 [notice] 32#32: gracefully shutting down
2023/10/17 23:35:37 [notice] 23#23: gracefully shutting down
2023/10/17 23:35:37 [notice] 22#22: gracefully shutting down
2023/10/17 23:35:37 [notice] 28#28: exiting
2023/10/17 23:35:37 [notice] 25#25: exiting
2023/10/17 23:35:37 [notice] 27#27: exiting
2023/10/17 23:35:37 [notice] 26#26: exiting
2023/10/17 23:35:37 [notice] 29#29: exiting
2023/10/17 23:35:37 [notice] 32#32: exiting
2023/10/17 23:35:37 [notice] 23#23: exiting
2023/10/17 23:35:37 [notice] 22#22: exiting
2023/10/17 23:35:37 [notice] 25#25: exit
2023/10/17 23:35:37 [notice] 28#28: exit
2023/10/17 23:35:37 [notice] 29#29: exit
2023/10/17 23:35:37 [notice] 27#27: exit
2023/10/17 23:35:37 [notice] 26#26: exit
2023/10/17 23:35:37 [notice] 32#32: exit
2023/10/17 23:35:37 [notice] 23#23: exit
2023/10/17 23:35:37 [notice] 22#22: exit
2023/10/17 23:35:37 [notice] 31#31: gracefully shutting down
2023/10/17 23:35:37 [notice] 31#31: exiting
2023/10/17 23:35:37 [notice] 31#31: exit
2023/10/17 23:35:37 [notice] 30#30: gracefully shutting down
2023/10/17 23:35:37 [notice] 33#33: gracefully shutting down
2023/10/17 23:35:37 [notice] 30#30: exiting
2023/10/17 23:35:37 [notice] 33#33: exiting
2023/10/17 23:35:37 [notice] 30#30: exit
2023/10/17 23:35:37 [notice] 24#24: gracefully shutting down
2023/10/17 23:35:37 [notice] 33#33: exit
2023/10/17 23:35:37 [notice] 24#24: exiting
2023/10/17 23:35:37 [notice] 24#24: exit
2023/10/17 23:35:37 [notice] 1#1: signal 17 (SIGCHLD) received from 30
2023/10/17 23:35:37 [notice] 1#1: worker process 26 exited with code 0
2023/10/17 23:35:37 [notice] 1#1: worker process 24 exited with code 0
2023/10/17 23:35:37 [notice] 1#1: worker process 25 exited with code 0
2023/10/17 23:35:37 [notice] 1#1: worker process 30 exited with code 0
2023/10/17 23:35:37 [notice] 1#1: signal 29 (SIGIO) received
2023/10/17 23:35:37 [notice] 1#1: signal 17 (SIGCHLD) received from 26
2023/10/17 23:35:37 [notice] 1#1: signal 17 (SIGCHLD) received from 33
2023/10/17 23:35:37 [notice] 1#1: worker process 33 exited with code 0
2023/10/17 23:35:37 [notice] 1#1: signal 29 (SIGIO) received
2023/10/17 23:35:37 [notice] 1#1: signal 17 (SIGCHLD) received from 29
2023/10/17 23:35:37 [notice] 1#1: worker process 29 exited with code 0
2023/10/17 23:35:37 [notice] 1#1: signal 29 (SIGIO) received
2023/10/17 23:35:37 [notice] 1#1: signal 17 (SIGCHLD) received from 27
2023/10/17 23:35:37 [notice] 1#1: worker process 27 exited with code 0
2023/10/17 23:35:37 [notice] 1#1: worker process 31 exited with code 0
2023/10/17 23:35:37 [notice] 1#1: worker process 23 exited with code 0
2023/10/17 23:35:37 [notice] 1#1: worker process 22 exited with code 0
2023/10/17 23:35:37 [notice] 1#1: worker process 32 exited with code 0
2023/10/17 23:35:37 [notice] 1#1: signal 29 (SIGIO) received
2023/10/17 23:35:37 [notice] 1#1: signal 17 (SIGCHLD) received from 31
2023/10/17 23:35:37 [notice] 1#1: signal 17 (SIGCHLD) received from 28
2023/10/17 23:35:37 [notice] 1#1: worker process 28 exited with code 0
2023/10/17 23:35:37 [notice] 1#1: exit
2023/10/17 23:39:26 [notice] 1#1: using the "epoll" event method
2023/10/17 23:39:26 [notice] 1#1: nginx/1.25.2
2023/10/17 23:39:26 [notice] 1#1: built by gcc 12.2.0 (Debian 12.2.0-14) 
2023/10/17 23:39:26 [notice] 1#1: OS: Linux 5.15.0-86-generic
2023/10/17 23:39:26 [notice] 1#1: getrlimit(RLIMIT_NOFILE): 1048576:1048576
2023/10/17 23:39:26 [notice] 1#1: start worker processes
2023/10/17 23:39:26 [notice] 1#1: start worker process 29
2023/10/17 23:39:26 [notice] 1#1: start worker process 30
2023/10/17 23:39:26 [notice] 1#1: start worker process 31
2023/10/17 23:39:26 [notice] 1#1: start worker process 32
2023/10/17 23:39:26 [notice] 1#1: start worker process 33
2023/10/17 23:39:26 [notice] 1#1: start worker process 34
2023/10/17 23:39:26 [notice] 1#1: start worker process 35
2023/10/17 23:39:26 [notice] 1#1: start worker process 36
2023/10/17 23:39:26 [notice] 1#1: start worker process 37
2023/10/17 23:39:26 [notice] 1#1: start worker process 38
2023/10/17 23:39:26 [notice] 1#1: start worker process 39
2023/10/17 23:39:26 [notice] 1#1: start worker process 40
2023/10/17 23:42:59 [error] 30#30: *2 open() "/usr/share/nginx/html/shopping" failed (2: No such file or directory), client: 172.17.0.1, server: localhost, request: "GET /shopping HTTP/1.1", host: "localhost:4080"
2023/10/17 23:43:00 [error] 30#30: *2 open() "/usr/share/nginx/html/shopping" failed (2: No such file or directory), client: 172.17.0.1, server: localhost, request: "GET /shopping HTTP/1.1", host: "localhost:4080"
2023/10/17 23:43:00 [error] 30#30: *2 open() "/usr/share/nginx/html/shopping" failed (2: No such file or directory), client: 172.17.0.1, server: localhost, request: "GET /shopping HTTP/1.1", host: "localhost:4080"
2023/10/17 23:43:00 [error] 30#30: *2 open() "/usr/share/nginx/html/shopping" failed (2: No such file or directory), client: 172.17.0.1, server: localhost, request: "GET /shopping HTTP/1.1", host: "localhost:4080"
2023/10/17 23:43:00 [error] 30#30: *2 open() "/usr/share/nginx/html/shopping" failed (2: No such file or directory), client: 172.17.0.1, server: localhost, request: "GET /shopping HTTP/1.1", host: "localhost:4080"
2023/10/17 23:43:00 [error] 30#30: *2 open() "/usr/share/nginx/html/shopping" failed (2: No such file or directory), client: 172.17.0.1, server: localhost, request: "GET /shopping HTTP/1.1", host: "localhost:4080"
2023/10/17 23:43:01 [error] 30#30: *2 open() "/usr/share/nginx/html/shopping" failed (2: No such file or directory), client: 172.17.0.1, server: localhost, request: "GET /shopping HTTP/1.1", host: "localhost:4080"
2023/10/17 23:43:01 [error] 30#30: *2 open() "/usr/share/nginx/html/shopping" failed (2: No such file or directory), client: 172.17.0.1, server: localhost, request: "GET /shopping HTTP/1.1", host: "localhost:4080"
2023/10/17 23:43:01 [error] 30#30: *2 open() "/usr/share/nginx/html/shopping" failed (2: No such file or directory), client: 172.17.0.1, server: localhost, request: "GET /shopping HTTP/1.1", host: "localhost:4080"
2023/10/17 23:43:01 [error] 30#30: *2 open() "/usr/share/nginx/html/shopping" failed (2: No such file or directory), client: 172.17.0.1, server: localhost, request: "GET /shopping HTTP/1.1", host: "localhost:4080"
2023/10/17 23:43:19 [error] 30#30: *2 open() "/usr/share/nginx/html/shopping" failed (2: No such file or directory), client: 172.17.0.1, server: localhost, request: "GET /shopping HTTP/1.1", host: "localhost:4080"
2023/10/17 23:45:07 [error] 31#31: *3 open() "/usr/share/nginx/html/shopping" failed (2: No such file or directory), client: 172.17.0.1, server: localhost, request: "GET /shopping HTTP/1.1", host: "localhost:4080"
2023/10/17 23:50:23 [notice] 1#1: signal 3 (SIGQUIT) received, shutting down
2023/10/17 23:50:23 [notice] 30#30: gracefully shutting down
2023/10/17 23:50:23 [notice] 29#29: gracefully shutting down
2023/10/17 23:50:23 [notice] 32#32: gracefully shutting down
2023/10/17 23:50:23 [notice] 34#34: gracefully shutting down
2023/10/17 23:50:23 [notice] 30#30: exiting
2023/10/17 23:50:23 [notice] 35#35: gracefully shutting down
2023/10/17 23:50:23 [notice] 31#31: gracefully shutting down
2023/10/17 23:50:23 [notice] 29#29: exiting
2023/10/17 23:50:23 [notice] 38#38: gracefully shutting down
2023/10/17 23:50:23 [notice] 32#32: exiting
2023/10/17 23:50:23 [notice] 39#39: gracefully shutting down
2023/10/17 23:50:23 [notice] 33#33: gracefully shutting down
2023/10/17 23:50:23 [notice] 39#39: exiting
2023/10/17 23:50:23 [notice] 34#34: exiting
2023/10/17 23:50:23 [notice] 35#35: exiting
2023/10/17 23:50:23 [notice] 30#30: exit
2023/10/17 23:50:23 [notice] 31#31: exiting
2023/10/17 23:50:23 [notice] 38#38: exiting
2023/10/17 23:50:23 [notice] 29#29: exit
2023/10/17 23:50:23 [notice] 33#33: exiting
2023/10/17 23:50:23 [notice] 32#32: exit
2023/10/17 23:50:23 [notice] 34#34: exit
2023/10/17 23:50:23 [notice] 39#39: exit
2023/10/17 23:50:23 [notice] 35#35: exit
2023/10/17 23:50:23 [notice] 38#38: exit
2023/10/17 23:50:23 [notice] 31#31: exit
2023/10/17 23:50:23 [notice] 33#33: exit
2023/10/17 23:50:23 [notice] 37#37: gracefully shutting down
2023/10/17 23:50:23 [notice] 37#37: exiting
2023/10/17 23:50:23 [notice] 37#37: exit
2023/10/17 23:50:23 [notice] 36#36: gracefully shutting down
2023/10/17 23:50:23 [notice] 36#36: exiting
2023/10/17 23:50:23 [notice] 36#36: exit
2023/10/17 23:50:23 [notice] 40#40: gracefully shutting down
2023/10/17 23:50:23 [notice] 40#40: exiting
2023/10/17 23:50:23 [notice] 40#40: exit
2023/10/17 23:50:23 [notice] 1#1: signal 17 (SIGCHLD) received from 37
2023/10/17 23:50:23 [notice] 1#1: worker process 32 exited with code 0
2023/10/17 23:50:23 [notice] 1#1: worker process 37 exited with code 0
2023/10/17 23:50:23 [notice] 1#1: signal 29 (SIGIO) received
2023/10/17 23:50:23 [notice] 1#1: signal 17 (SIGCHLD) received from 38
2023/10/17 23:50:23 [notice] 1#1: worker process 30 exited with code 0
2023/10/17 23:50:23 [notice] 1#1: worker process 38 exited with code 0
2023/10/17 23:50:23 [notice] 1#1: worker process 39 exited with code 0
2023/10/17 23:50:23 [notice] 1#1: signal 29 (SIGIO) received
2023/10/17 23:50:23 [notice] 1#1: signal 17 (SIGCHLD) received from 39
2023/10/17 23:50:23 [notice] 1#1: signal 17 (SIGCHLD) received from 31
2023/10/17 23:50:23 [notice] 1#1: worker process 31 exited with code 0
2023/10/17 23:50:23 [notice] 1#1: signal 29 (SIGIO) received
2023/10/17 23:50:23 [notice] 1#1: signal 17 (SIGCHLD) received from 34
2023/10/17 23:50:23 [notice] 1#1: worker process 33 exited with code 0
2023/10/17 23:50:23 [notice] 1#1: worker process 34 exited with code 0
2023/10/17 23:50:23 [notice] 1#1: worker process 35 exited with code 0
2023/10/17 23:50:23 [notice] 1#1: worker process 36 exited with code 0
2023/10/17 23:50:23 [notice] 1#1: signal 29 (SIGIO) received
2023/10/17 23:50:23 [notice] 1#1: signal 17 (SIGCHLD) received from 33
2023/10/17 23:50:23 [notice] 1#1: worker process 29 exited with code 0
2023/10/17 23:50:23 [notice] 1#1: worker process 40 exited with code 0
2023/10/17 23:50:23 [notice] 1#1: exit
2023/10/17 23:53:30 [notice] 1#1: using the "epoll" event method
2023/10/17 23:53:30 [notice] 1#1: nginx/1.25.2
2023/10/17 23:53:30 [notice] 1#1: built by gcc 12.2.0 (Debian 12.2.0-14) 
2023/10/17 23:53:30 [notice] 1#1: OS: Linux 5.15.0-86-generic
2023/10/17 23:53:30 [notice] 1#1: getrlimit(RLIMIT_NOFILE): 1048576:1048576
2023/10/17 23:53:30 [notice] 1#1: start worker processes
2023/10/17 23:53:30 [notice] 1#1: start worker process 28
2023/10/17 23:53:30 [notice] 1#1: start worker process 29
2023/10/17 23:53:30 [notice] 1#1: start worker process 30
2023/10/17 23:53:30 [notice] 1#1: start worker process 31
2023/10/17 23:53:30 [notice] 1#1: start worker process 32
2023/10/17 23:53:30 [notice] 1#1: start worker process 33
2023/10/17 23:53:30 [notice] 1#1: start worker process 34
2023/10/17 23:53:30 [notice] 1#1: start worker process 35
2023/10/17 23:53:30 [notice] 1#1: start worker process 36
2023/10/17 23:53:30 [notice] 1#1: start worker process 37
2023/10/17 23:53:30 [notice] 1#1: start worker process 38
2023/10/17 23:53:30 [notice] 1#1: start worker process 39
2023/10/17 23:53:44 [error] 28#28: *1 open() "/usr/share/nginx/html/shopping" failed (2: No such file or directory), client: 172.17.0.1, server: localhost, request: "GET /shopping HTTP/1.1", host: "localhost:4080"
